Determining if the pthread_create exist failed with the following output:
Change Dir: /home/barbara/Simulacao/Testes/Empurrar_cubo/Plugins/push_model/build/CMakeFiles/CMakeTmp

Run Build Command:"/usr/bin/make" "cmTC_57231/fast"
/usr/bin/make -f CMakeFiles/cmTC_57231.dir/build.make CMakeFiles/cmTC_57231.dir/build
make[1]: Entering directory '/home/barbara/Simulacao/Testes/Empurrar_cubo/Plugins/push_model/build/CMakeFiles/CMakeTmp'
Building C object CMakeFiles/cmTC_57231.dir/CheckSymbolExists.c.o
/usr/bin/cc     -o CMakeFiles/cmTC_57231.dir/CheckSymbolExists.c.o   -c /home/barbara/Simulacao/Testes/Empurrar_cubo/Plugins/push_model/build/CMakeFiles/CMakeTmp/CheckSymbolExists.c
Linking C executable cmTC_57231
/usr/bin/cmake -E cmake_link_script CMakeFiles/cmTC_57231.dir/link.txt --verbose=1
/usr/bin/cc       CMakeFiles/cmTC_57231.dir/CheckSymbolExists.c.o  -o cmTC_57231 -rdynamic 
CMakeFiles/cmTC_57231.dir/CheckSymbolExists.c.o: In function `main':
CheckSymbolExists.c:(.text+0x16): undefined reference to `pthread_create'
collect2: error: ld returned 1 exit status
CMakeFiles/cmTC_57231.dir/build.make:97: recipe for target 'cmTC_57231' failed
make[1]: *** [cmTC_57231] Error 1
make[1]: Leaving directory '/home/barbara/Simulacao/Testes/Empurrar_cubo/Plugins/push_model/build/CMakeFiles/CMakeTmp'
Makefile:126: recipe for target 'cmTC_57231/fast' failed
make: *** [cmTC_57231/fast] Error 2

File /home/barbara/Simulacao/Testes/Empurrar_cubo/Plugins/push_model/build/CMakeFiles/CMakeTmp/CheckSymbolExists.c:
/* */
#include <pthread.h>

int main(int argc, char** argv)
{
  (void)argv;
#ifndef pthread_create
  return ((int*)(&pthread_create))[argc];
#else
  (void)argc;
  return 0;
#endif
}

Determining if the function pthread_create exists in the pthreads failed with the following output:
Change Dir: /home/barbara/Simulacao/Testes/Empurrar_cubo/Plugins/push_model/build/CMakeFiles/CMakeTmp

Run Build Command:"/usr/bin/make" "cmTC_9aa1b/fast"
/usr/bin/make -f CMakeFiles/cmTC_9aa1b.dir/build.make CMakeFiles/cmTC_9aa1b.dir/build
make[1]: Entering directory '/home/barbara/Simulacao/Testes/Empurrar_cubo/Plugins/push_model/build/CMakeFiles/CMakeTmp'
Building C object CMakeFiles/cmTC_9aa1b.dir/CheckFunctionExists.c.o
/usr/bin/cc    -DCHECK_FUNCTION_EXISTS=pthread_create   -o CMakeFiles/cmTC_9aa1b.dir/CheckFunctionExists.c.o   -c /usr/share/cmake-3.5/Modules/CheckFunctionExists.c
Linking C executable cmTC_9aa1b
/usr/bin/cmake -E cmake_link_script CMakeFiles/cmTC_9aa1b.dir/link.txt --verbose=1
/usr/bin/cc   -DCHECK_FUNCTION_EXISTS=pthread_create    CMakeFiles/cmTC_9aa1b.dir/CheckFunctionExists.c.o  -o cmTC_9aa1b -rdynamic -lpthreads 
/usr/bin/ld: cannot find -lpthreads
collect2: error: ld returned 1 exit status
CMakeFiles/cmTC_9aa1b.dir/build.make:97: recipe for target 'cmTC_9aa1b' failed
make[1]: *** [cmTC_9aa1b] Error 1
make[1]: Leaving directory '/home/barbara/Simulacao/Testes/Empurrar_cubo/Plugins/push_model/build/CMakeFiles/CMakeTmp'
Makefile:126: recipe for target 'cmTC_9aa1b/fast' failed
make: *** [cmTC_9aa1b/fast] Error 2


